140525 17:26:54 [Note] Plugin 'FEDERATED' is disabled.
140525 17:26:54 InnoDB: The InnoDB memory heap is disabled
140525 17:26:54 InnoDB: Mutexes and rw_locks use Windows interlocked functions
140525 17:26:54 InnoDB: Compressed tables use zlib 1.2.3
140525 17:26:54 InnoDB: Initializing buffer pool, size = 128.0M
140525 17:26:54 InnoDB: Completed initialization of buffer pool
140525 17:26:54 InnoDB: highest supported file format is Barracuda.
InnoDB: The log sequence number in ibdata files does not match
InnoDB: the log sequence number in the ib_logfiles!
140525 17:26:54  InnoDB: Database was not shut down normally!
InnoDB: Starting crash recovery.
InnoDB: Reading tablespace information from the .ibd files...
InnoDB: Restoring possible half-written data pages from the doublewrite
InnoDB: buffer...
140525 17:26:54  InnoDB: Waiting for the background threads to start
140525 17:26:55 InnoDB: 1.1.8 started; log sequence number 1821090
140525 17:26:55 [Note] Server hostname (bind-address): '127.0.0.1'; port: 3306
140525 17:26:55 [Note]   - '127.0.0.1' resolves to '127.0.0.1';
140525 17:26:55 [Note] Server socket created on IP: '127.0.0.1'.
140525 17:26:55 [Note] Event Scheduler: Loaded 0 events
140525 17:26:55 [Note] \usr\local\mysql-5.5\bin\mysqld.exe: ready for connections.
Version: '5.5.25'  socket: ''  port: 3306  MySQL Community Server (GPL)
